DEB [20190104-13:09:39.354] thr=1   paramiko.transport: starting thread (client mode): 0x8ae5b5f8
DEB [20190104-13:09:39.357] thr=1   paramiko.transport: Local version/idstring: SSH-2.0-paramiko_2.4.2
DEB [20190104-13:09:39.370] thr=1   paramiko.transport: Remote version/idstring: SSH-2.0-OpenSSH_6.6.1p1 Debian-4~bpo70+1
INF [20190104-13:09:39.370] thr=1   paramiko.transport: Connected (version 2.0, client OpenSSH_6.6.1p1)
DEB [20190104-13:09:39.377] thr=1   paramiko.transport: kex algos:['curve25519-sha256@libssh.org', 'ecdh-sha2-nistp256', 'ecdh-sha2-nistp384', 'ecdh-sha2-nistp521', 'diffie-hellman-group-exchange-sha256', 'diffie-hellman-group-exchange-sha1', 'diffie-hellman-group14-sha1', 'diffie-hellman-group1-sha1'] server key:['ssh-rsa', 'ssh-dss'] client encrypt:['aes192-ctr', 'aes256-ctr', 'aes128-ctr', 'aes192-cbc', 'aes256-cbc', 'aes128-cbc', '3des-cbc'] server encrypt:['aes192-ctr', 'aes256-ctr', 'aes128-ctr', 'aes192-cbc', 'aes256-cbc', 'aes128-cbc', '3des-cbc'] client mac:['hmac-sha1', 'hmac-sha1-96'] server mac:['hmac-sha1', 'hmac-sha1-96'] client compress:['none', 'zlib@openssh.com'] server compress:['none', 'zlib@openssh.com'] client lang:[''] server lang:[''] kex follows?False
DEB [20190104-13:09:39.377] thr=1   paramiko.transport: Kex agreed: ecdh-sha2-nistp256
DEB [20190104-13:09:39.377] thr=1   paramiko.transport: HostKey agreed: ssh-rsa
DEB [20190104-13:09:39.377] thr=1   paramiko.transport: Cipher agreed: aes128-ctr
DEB [20190104-13:09:39.377] thr=1   paramiko.transport: MAC agreed: hmac-sha1
DEB [20190104-13:09:39.377] thr=1   paramiko.transport: Compression agreed: none
DEB [20190104-13:09:39.391] thr=1   paramiko.transport: kex engine KexNistp256 specified hash_algo <built-in function openssl_sha256>
DEB [20190104-13:09:39.391] thr=1   paramiko.transport: Switch to new keys ...
DEB [20190104-13:09:39.394] thr=2   paramiko.transport: Adding ssh-rsa host key for 10.248.231.68: b'68a6c960a1cb12e2761aee47b08bf9ee'
DEB [20190104-13:09:39.394] thr=2   paramiko.transport: Trying SSH key b'fb698b9f4d6addd4f7ae875034037746'
DEB [20190104-13:09:39.400] thr=1   paramiko.transport: userauth is OK
INF [20190104-13:09:39.458] thr=1   paramiko.transport: Authentication (publickey) successful!
DEB [20190104-13:09:39.459] thr=2   paramiko.transport: [chan 0] Max packet in: 32768 bytes
DEB [20190104-13:09:39.538] thr=1   paramiko.transport: [chan 0] Max packet out: 32768 bytes
DEB [20190104-13:09:39.538] thr=1   paramiko.transport: Secsh channel 0 opened.
DEB [20190104-13:09:39.545] thr=1   paramiko.transport: [chan 0] Sesch channel 0 request ok
DEB [20190104-13:09:50.711] thr=1   paramiko.transport: [chan 0] EOF received (0)
DEB [20190104-13:12:00.519] thr=1   paramiko.transport: starting thread (client mode): 0x4e00b5f8
DEB [20190104-13:12:00.521] thr=1   paramiko.transport: Local version/idstring: SSH-2.0-paramiko_2.4.2
DEB [20190104-13:12:00.530] thr=1   paramiko.transport: Remote version/idstring: SSH-2.0-OpenSSH_6.6.1p1 Debian-4~bpo70+1
INF [20190104-13:12:00.530] thr=1   paramiko.transport: Connected (version 2.0, client OpenSSH_6.6.1p1)
DEB [20190104-13:12:00.537] thr=1   paramiko.transport: kex algos:['curve25519-sha256@libssh.org', 'ecdh-sha2-nistp256', 'ecdh-sha2-nistp384', 'ecdh-sha2-nistp521', 'diffie-hellman-group-exchange-sha256', 'diffie-hellman-group-exchange-sha1', 'diffie-hellman-group14-sha1', 'diffie-hellman-group1-sha1'] server key:['ssh-rsa', 'ssh-dss'] client encrypt:['aes192-ctr', 'aes256-ctr', 'aes128-ctr', 'aes192-cbc', 'aes256-cbc', 'aes128-cbc', '3des-cbc'] server encrypt:['aes192-ctr', 'aes256-ctr', 'aes128-ctr', 'aes192-cbc', 'aes256-cbc', 'aes128-cbc', '3des-cbc'] client mac:['hmac-sha1', 'hmac-sha1-96'] server mac:['hmac-sha1', 'hmac-sha1-96'] client compress:['none', 'zlib@openssh.com'] server compress:['none', 'zlib@openssh.com'] client lang:[''] server lang:[''] kex follows?False
DEB [20190104-13:12:00.537] thr=1   paramiko.transport: Kex agreed: ecdh-sha2-nistp256
DEB [20190104-13:12:00.537] thr=1   paramiko.transport: HostKey agreed: ssh-rsa
DEB [20190104-13:12:00.538] thr=1   paramiko.transport: Cipher agreed: aes128-ctr
DEB [20190104-13:12:00.538] thr=1   paramiko.transport: MAC agreed: hmac-sha1
DEB [20190104-13:12:00.538] thr=1   paramiko.transport: Compression agreed: none
DEB [20190104-13:12:00.548] thr=1   paramiko.transport: kex engine KexNistp256 specified hash_algo <built-in function openssl_sha256>
DEB [20190104-13:12:00.548] thr=1   paramiko.transport: Switch to new keys ...
DEB [20190104-13:12:00.549] thr=2   paramiko.transport: Adding ssh-rsa host key for 10.248.231.68: b'68a6c960a1cb12e2761aee47b08bf9ee'
DEB [20190104-13:12:00.549] thr=2   paramiko.transport: Trying SSH key b'fb698b9f4d6addd4f7ae875034037746'
DEB [20190104-13:12:00.556] thr=1   paramiko.transport: userauth is OK
INF [20190104-13:12:00.617] thr=1   paramiko.transport: Authentication (publickey) successful!
DEB [20190104-13:12:00.618] thr=2   paramiko.transport: [chan 0] Max packet in: 32768 bytes
DEB [20190104-13:12:00.695] thr=1   paramiko.transport: [chan 0] Max packet out: 32768 bytes
DEB [20190104-13:12:00.695] thr=1   paramiko.transport: Secsh channel 0 opened.
DEB [20190104-13:12:00.707] thr=1   paramiko.transport: [chan 0] Sesch channel 0 request ok
DEB [20190104-13:12:11.779] thr=1   paramiko.transport: [chan 0] EOF received (0)
DEB [20190104-13:12:59.155] thr=1   paramiko.transport: starting thread (client mode): 0x8f121630
DEB [20190104-13:12:59.158] thr=1   paramiko.transport: Local version/idstring: SSH-2.0-paramiko_2.4.2
DEB [20190104-13:12:59.175] thr=1   paramiko.transport: Remote version/idstring: SSH-2.0-OpenSSH_6.6.1p1 Debian-4~bpo70+1
INF [20190104-13:12:59.175] thr=1   paramiko.transport: Connected (version 2.0, client OpenSSH_6.6.1p1)
DEB [20190104-13:12:59.182] thr=1   paramiko.transport: kex algos:['curve25519-sha256@libssh.org', 'ecdh-sha2-nistp256', 'ecdh-sha2-nistp384', 'ecdh-sha2-nistp521', 'diffie-hellman-group-exchange-sha256', 'diffie-hellman-group-exchange-sha1', 'diffie-hellman-group14-sha1', 'diffie-hellman-group1-sha1'] server key:['ssh-rsa', 'ssh-dss'] client encrypt:['aes192-ctr', 'aes256-ctr', 'aes128-ctr', 'aes192-cbc', 'aes256-cbc', 'aes128-cbc', '3des-cbc'] server encrypt:['aes192-ctr', 'aes256-ctr', 'aes128-ctr', 'aes192-cbc', 'aes256-cbc', 'aes128-cbc', '3des-cbc'] client mac:['hmac-sha1', 'hmac-sha1-96'] server mac:['hmac-sha1', 'hmac-sha1-96'] client compress:['none', 'zlib@openssh.com'] server compress:['none', 'zlib@openssh.com'] client lang:[''] server lang:[''] kex follows?False
DEB [20190104-13:12:59.182] thr=1   paramiko.transport: Kex agreed: ecdh-sha2-nistp256
DEB [20190104-13:12:59.182] thr=1   paramiko.transport: HostKey agreed: ssh-rsa
DEB [20190104-13:12:59.183] thr=1   paramiko.transport: Cipher agreed: aes128-ctr
DEB [20190104-13:12:59.183] thr=1   paramiko.transport: MAC agreed: hmac-sha1
DEB [20190104-13:12:59.183] thr=1   paramiko.transport: Compression agreed: none
DEB [20190104-13:12:59.193] thr=1   paramiko.transport: kex engine KexNistp256 specified hash_algo <built-in function openssl_sha256>
DEB [20190104-13:12:59.210] thr=1   paramiko.transport: Switch to new keys ...
DEB [20190104-13:12:59.212] thr=2   paramiko.transport: Adding ssh-rsa host key for 10.248.231.68: b'68a6c960a1cb12e2761aee47b08bf9ee'
DEB [20190104-13:12:59.214] thr=2   paramiko.transport: Trying SSH key b'fb698b9f4d6addd4f7ae875034037746'
DEB [20190104-13:12:59.221] thr=1   paramiko.transport: userauth is OK
INF [20190104-13:12:59.277] thr=1   paramiko.transport: Authentication (publickey) successful!
DEB [20190104-13:12:59.278] thr=2   paramiko.transport: [chan 0] Max packet in: 32768 bytes
DEB [20190104-13:12:59.354] thr=1   paramiko.transport: [chan 0] Max packet out: 32768 bytes
DEB [20190104-13:12:59.354] thr=1   paramiko.transport: Secsh channel 0 opened.
DEB [20190104-13:12:59.361] thr=1   paramiko.transport: [chan 0] Sesch channel 0 request ok
DEB [20190104-13:13:10.382] thr=1   paramiko.transport: [chan 0] EOF received (0)
DEB [20190104-13:14:17.277] thr=1   paramiko.transport: starting thread (client mode): 0x5a17630
DEB [20190104-13:14:17.279] thr=1   paramiko.transport: Local version/idstring: SSH-2.0-paramiko_2.4.2
DEB [20190104-13:14:17.295] thr=1   paramiko.transport: Remote version/idstring: SSH-2.0-OpenSSH_6.6.1p1 Debian-4~bpo70+1
INF [20190104-13:14:17.295] thr=1   paramiko.transport: Connected (version 2.0, client OpenSSH_6.6.1p1)
DEB [20190104-13:14:17.302] thr=1   paramiko.transport: kex algos:['curve25519-sha256@libssh.org', 'ecdh-sha2-nistp256', 'ecdh-sha2-nistp384', 'ecdh-sha2-nistp521', 'diffie-hellman-group-exchange-sha256', 'diffie-hellman-group-exchange-sha1', 'diffie-hellman-group14-sha1', 'diffie-hellman-group1-sha1'] server key:['ssh-rsa', 'ssh-dss'] client encrypt:['aes192-ctr', 'aes256-ctr', 'aes128-ctr', 'aes192-cbc', 'aes256-cbc', 'aes128-cbc', '3des-cbc'] server encrypt:['aes192-ctr', 'aes256-ctr', 'aes128-ctr', 'aes192-cbc', 'aes256-cbc', 'aes128-cbc', '3des-cbc'] client mac:['hmac-sha1', 'hmac-sha1-96'] server mac:['hmac-sha1', 'hmac-sha1-96'] client compress:['none', 'zlib@openssh.com'] server compress:['none', 'zlib@openssh.com'] client lang:[''] server lang:[''] kex follows?False
DEB [20190104-13:14:17.303] thr=1   paramiko.transport: Kex agreed: ecdh-sha2-nistp256
DEB [20190104-13:14:17.303] thr=1   paramiko.transport: HostKey agreed: ssh-rsa
DEB [20190104-13:14:17.303] thr=1   paramiko.transport: Cipher agreed: aes128-ctr
DEB [20190104-13:14:17.303] thr=1   paramiko.transport: MAC agreed: hmac-sha1
DEB [20190104-13:14:17.303] thr=1   paramiko.transport: Compression agreed: none
DEB [20190104-13:14:17.313] thr=1   paramiko.transport: kex engine KexNistp256 specified hash_algo <built-in function openssl_sha256>
DEB [20190104-13:14:17.314] thr=1   paramiko.transport: Switch to new keys ...
DEB [20190104-13:14:17.315] thr=2   paramiko.transport: Adding ssh-rsa host key for 10.248.231.68: b'68a6c960a1cb12e2761aee47b08bf9ee'
DEB [20190104-13:14:17.316] thr=2   paramiko.transport: Trying SSH key b'fb698b9f4d6addd4f7ae875034037746'
DEB [20190104-13:14:17.322] thr=1   paramiko.transport: userauth is OK
INF [20190104-13:14:17.388] thr=1   paramiko.transport: Authentication (publickey) successful!
DEB [20190104-13:14:17.389] thr=2   paramiko.transport: [chan 0] Max packet in: 32768 bytes
DEB [20190104-13:14:17.480] thr=1   paramiko.transport: [chan 0] Max packet out: 32768 bytes
DEB [20190104-13:14:17.481] thr=1   paramiko.transport: Secsh channel 0 opened.
DEB [20190104-13:14:17.488] thr=1   paramiko.transport: [chan 0] Sesch channel 0 request ok
DEB [20190104-13:14:28.687] thr=1   paramiko.transport: [chan 0] EOF received (0)
DEB [20190104-13:16:33.548] thr=1   paramiko.transport: starting thread (client mode): 0xff14630
DEB [20190104-13:16:33.551] thr=1   paramiko.transport: Local version/idstring: SSH-2.0-paramiko_2.4.2
DEB [20190104-13:16:33.560] thr=1   paramiko.transport: Remote version/idstring: SSH-2.0-OpenSSH_6.6.1p1 Debian-4~bpo70+1
INF [20190104-13:16:33.561] thr=1   paramiko.transport: Connected (version 2.0, client OpenSSH_6.6.1p1)
DEB [20190104-13:16:33.575] thr=1   paramiko.transport: kex algos:['curve25519-sha256@libssh.org', 'ecdh-sha2-nistp256', 'ecdh-sha2-nistp384', 'ecdh-sha2-nistp521', 'diffie-hellman-group-exchange-sha256', 'diffie-hellman-group-exchange-sha1', 'diffie-hellman-group14-sha1', 'diffie-hellman-group1-sha1'] server key:['ssh-rsa', 'ssh-dss'] client encrypt:['aes192-ctr', 'aes256-ctr', 'aes128-ctr', 'aes192-cbc', 'aes256-cbc', 'aes128-cbc', '3des-cbc'] server encrypt:['aes192-ctr', 'aes256-ctr', 'aes128-ctr', 'aes192-cbc', 'aes256-cbc', 'aes128-cbc', '3des-cbc'] client mac:['hmac-sha1', 'hmac-sha1-96'] server mac:['hmac-sha1', 'hmac-sha1-96'] client compress:['none', 'zlib@openssh.com'] server compress:['none', 'zlib@openssh.com'] client lang:[''] server lang:[''] kex follows?False
DEB [20190104-13:16:33.577] thr=1   paramiko.transport: Kex agreed: ecdh-sha2-nistp256
DEB [20190104-13:16:33.579] thr=1   paramiko.transport: HostKey agreed: ssh-rsa
DEB [20190104-13:16:33.579] thr=1   paramiko.transport: Cipher agreed: aes128-ctr
DEB [20190104-13:16:33.579] thr=1   paramiko.transport: MAC agreed: hmac-sha1
DEB [20190104-13:16:33.579] thr=1   paramiko.transport: Compression agreed: none
DEB [20190104-13:16:33.590] thr=1   paramiko.transport: kex engine KexNistp256 specified hash_algo <built-in function openssl_sha256>
DEB [20190104-13:16:33.590] thr=1   paramiko.transport: Switch to new keys ...
DEB [20190104-13:16:33.592] thr=2   paramiko.transport: Adding ssh-rsa host key for 10.248.231.68: b'68a6c960a1cb12e2761aee47b08bf9ee'
DEB [20190104-13:16:33.593] thr=2   paramiko.transport: Trying SSH key b'fb698b9f4d6addd4f7ae875034037746'
DEB [20190104-13:16:33.599] thr=1   paramiko.transport: userauth is OK
INF [20190104-13:16:33.656] thr=1   paramiko.transport: Authentication (publickey) successful!
DEB [20190104-13:16:33.656] thr=2   paramiko.transport: [chan 0] Max packet in: 32768 bytes
DEB [20190104-13:16:33.735] thr=1   paramiko.transport: [chan 0] Max packet out: 32768 bytes
DEB [20190104-13:16:33.735] thr=1   paramiko.transport: Secsh channel 0 opened.
DEB [20190104-13:16:33.742] thr=1   paramiko.transport: [chan 0] Sesch channel 0 request ok
DEB [20190104-13:16:44.836] thr=1   paramiko.transport: [chan 0] EOF received (0)
DEB [20190104-13:17:39.369] thr=1   paramiko.transport: starting thread (client mode): 0x417625c0
DEB [20190104-13:17:39.372] thr=1   paramiko.transport: Local version/idstring: SSH-2.0-paramiko_2.4.2
DEB [20190104-13:17:39.375] thr=1   paramiko.transport: Remote version/idstring: SSH-2.0-OpenSSH_6.6.1p1 Debian-4~bpo70+1
INF [20190104-13:17:39.375] thr=1   paramiko.transport: Connected (version 2.0, client OpenSSH_6.6.1p1)
DEB [20190104-13:17:39.381] thr=1   paramiko.transport: kex algos:['diffie-hellman-group-exchange-sha256'] server key:['ssh-rsa', 'ssh-dss'] client encrypt:['chacha20-poly1305@openssh.com', 'aes256-gcm@openssh.com', 'aes128-gcm@openssh.com', 'aes256-ctr', 'aes192-ctr', 'aes128-ctr'] server encrypt:['chacha20-poly1305@openssh.com', 'aes256-gcm@openssh.com', 'aes128-gcm@openssh.com', 'aes256-ctr', 'aes192-ctr', 'aes128-ctr'] client mac:['hmac-sha2-512-etm@openssh.com', 'hmac-sha2-256-etm@openssh.com', 'hmac-ripemd160-etm@openssh.com', 'umac-128-etm@openssh.com', 'hmac-sha2-512', 'hmac-sha2-256', 'hmac-ripemd160', 'umac-128@openssh.com'] server mac:['hmac-sha2-512-etm@openssh.com', 'hmac-sha2-256-etm@openssh.com', 'hmac-ripemd160-etm@openssh.com', 'umac-128-etm@openssh.com', 'hmac-sha2-512', 'hmac-sha2-256', 'hmac-ripemd160', 'umac-128@openssh.com'] client compress:['none', 'zlib@openssh.com'] server compress:['none', 'zlib@openssh.com'] client lang:[''] server lang:[''] kex follows?False
DEB [20190104-13:17:39.381] thr=1   paramiko.transport: Kex agreed: diffie-hellman-group-exchange-sha256
DEB [20190104-13:17:39.381] thr=1   paramiko.transport: HostKey agreed: ssh-rsa
DEB [20190104-13:17:39.381] thr=1   paramiko.transport: Cipher agreed: aes128-ctr
DEB [20190104-13:17:39.381] thr=1   paramiko.transport: MAC agreed: hmac-sha2-256
DEB [20190104-13:17:39.381] thr=1   paramiko.transport: Compression agreed: none
DEB [20190104-13:17:39.396] thr=1   paramiko.transport: Got server p (2048 bits)
DEB [20190104-13:17:39.468] thr=1   paramiko.transport: kex engine KexGexSHA256 specified hash_algo <built-in function openssl_sha256>
DEB [20190104-13:17:39.471] thr=1   paramiko.transport: Switch to new keys ...
DEB [20190104-13:17:39.473] thr=2   paramiko.transport: Adding ssh-rsa host key for 142.71.40.232: b'68a6c960a1cb12e2761aee47b08bf9ee'
DEB [20190104-13:17:39.474] thr=2   paramiko.transport: Trying SSH key b'fb698b9f4d6addd4f7ae875034037746'
DEB [20190104-13:17:39.476] thr=1   paramiko.transport: userauth is OK
INF [20190104-13:17:39.492] thr=1   paramiko.transport: Authentication (publickey) successful!
DEB [20190104-13:17:39.495] thr=2   paramiko.transport: [chan 0] Max packet in: 32768 bytes
DEB [20190104-13:17:39.501] thr=1   paramiko.transport: [chan 0] Max packet out: 32768 bytes
DEB [20190104-13:17:39.502] thr=1   paramiko.transport: Secsh channel 0 opened.
DEB [20190104-13:17:39.504] thr=1   paramiko.transport: [chan 0] Sesch channel 0 request ok
DEB [20190104-13:17:50.125] thr=1   paramiko.transport: [chan 0] EOF received (0)
DEB [20190104-13:25:49.923] thr=1   paramiko.transport: starting thread (client mode): 0x39687668
DEB [20190104-13:25:49.925] thr=1   paramiko.transport: Local version/idstring: SSH-2.0-paramiko_2.4.2
DEB [20190104-13:25:49.929] thr=1   paramiko.transport: Remote version/idstring: SSH-2.0-OpenSSH_6.6.1p1 Debian-4~bpo70+1
INF [20190104-13:25:49.929] thr=1   paramiko.transport: Connected (version 2.0, client OpenSSH_6.6.1p1)
DEB [20190104-13:25:49.932] thr=1   paramiko.transport: kex algos:['diffie-hellman-group-exchange-sha256'] server key:['ssh-rsa', 'ssh-dss'] client encrypt:['chacha20-poly1305@openssh.com', 'aes256-gcm@openssh.com', 'aes128-gcm@openssh.com', 'aes256-ctr', 'aes192-ctr', 'aes128-ctr'] server encrypt:['chacha20-poly1305@openssh.com', 'aes256-gcm@openssh.com', 'aes128-gcm@openssh.com', 'aes256-ctr', 'aes192-ctr', 'aes128-ctr'] client mac:['hmac-sha2-512-etm@openssh.com', 'hmac-sha2-256-etm@openssh.com', 'hmac-ripemd160-etm@openssh.com', 'umac-128-etm@openssh.com', 'hmac-sha2-512', 'hmac-sha2-256', 'hmac-ripemd160', 'umac-128@openssh.com'] server mac:['hmac-sha2-512-etm@openssh.com', 'hmac-sha2-256-etm@openssh.com', 'hmac-ripemd160-etm@openssh.com', 'umac-128-etm@openssh.com', 'hmac-sha2-512', 'hmac-sha2-256', 'hmac-ripemd160', 'umac-128@openssh.com'] client compress:['none', 'zlib@openssh.com'] server compress:['none', 'zlib@openssh.com'] client lang:[''] server lang:[''] kex follows?False
DEB [20190104-13:25:49.932] thr=1   paramiko.transport: Kex agreed: diffie-hellman-group-exchange-sha256
DEB [20190104-13:25:49.932] thr=1   paramiko.transport: HostKey agreed: ssh-rsa
DEB [20190104-13:25:49.932] thr=1   paramiko.transport: Cipher agreed: aes128-ctr
DEB [20190104-13:25:49.932] thr=1   paramiko.transport: MAC agreed: hmac-sha2-256
DEB [20190104-13:25:49.932] thr=1   paramiko.transport: Compression agreed: none
DEB [20190104-13:25:49.936] thr=1   paramiko.transport: Got server p (2048 bits)
DEB [20190104-13:25:50.002] thr=1   paramiko.transport: kex engine KexGexSHA256 specified hash_algo <built-in function openssl_sha256>
DEB [20190104-13:25:50.004] thr=1   paramiko.transport: Switch to new keys ...
DEB [20190104-13:25:50.007] thr=2   paramiko.transport: Adding ssh-rsa host key for 142.71.40.232: b'68a6c960a1cb12e2761aee47b08bf9ee'
DEB [20190104-13:25:50.009] thr=2   paramiko.transport: Trying SSH key b'fb698b9f4d6addd4f7ae875034037746'
DEB [20190104-13:25:50.011] thr=1   paramiko.transport: userauth is OK
INF [20190104-13:25:50.027] thr=1   paramiko.transport: Authentication (publickey) successful!
DEB [20190104-13:25:50.028] thr=2   paramiko.transport: [chan 0] Max packet in: 32768 bytes
DEB [20190104-13:25:50.038] thr=1   paramiko.transport: [chan 0] Max packet out: 32768 bytes
DEB [20190104-13:25:50.039] thr=1   paramiko.transport: Secsh channel 0 opened.
DEB [20190104-13:25:50.049] thr=1   paramiko.transport: [chan 0] Sesch channel 0 request ok
DEB [20190104-13:26:00.724] thr=1   paramiko.transport: [chan 0] EOF received (0)
DEB [20190104-13:26:00.724] thr=1   paramiko.transport: [chan 0] EOF sent (0)
DEB [20190104-13:26:55.769] thr=1   paramiko.transport: starting thread (client mode): 0xdb392668
DEB [20190104-13:26:55.771] thr=1   paramiko.transport: Local version/idstring: SSH-2.0-paramiko_2.4.2
DEB [20190104-13:26:55.774] thr=1   paramiko.transport: Remote version/idstring: SSH-2.0-OpenSSH_6.6.1p1 Debian-4~bpo70+1
INF [20190104-13:26:55.788] thr=1   paramiko.transport: Connected (version 2.0, client OpenSSH_6.6.1p1)
DEB [20190104-13:26:55.792] thr=1   paramiko.transport: kex algos:['diffie-hellman-group-exchange-sha256'] server key:['ssh-rsa', 'ssh-dss'] client encrypt:['chacha20-poly1305@openssh.com', 'aes256-gcm@openssh.com', 'aes128-gcm@openssh.com', 'aes256-ctr', 'aes192-ctr', 'aes128-ctr'] server encrypt:['chacha20-poly1305@openssh.com', 'aes256-gcm@openssh.com', 'aes128-gcm@openssh.com', 'aes256-ctr', 'aes192-ctr', 'aes128-ctr'] client mac:['hmac-sha2-512-etm@openssh.com', 'hmac-sha2-256-etm@openssh.com', 'hmac-ripemd160-etm@openssh.com', 'umac-128-etm@openssh.com', 'hmac-sha2-512', 'hmac-sha2-256', 'hmac-ripemd160', 'umac-128@openssh.com'] server mac:['hmac-sha2-512-etm@openssh.com', 'hmac-sha2-256-etm@openssh.com', 'hmac-ripemd160-etm@openssh.com', 'umac-128-etm@openssh.com', 'hmac-sha2-512', 'hmac-sha2-256', 'hmac-ripemd160', 'umac-128@openssh.com'] client compress:['none', 'zlib@openssh.com'] server compress:['none', 'zlib@openssh.com'] client lang:[''] server lang:[''] kex follows?False
DEB [20190104-13:26:55.792] thr=1   paramiko.transport: Kex agreed: diffie-hellman-group-exchange-sha256
DEB [20190104-13:26:55.792] thr=1   paramiko.transport: HostKey agreed: ssh-rsa
DEB [20190104-13:26:55.792] thr=1   paramiko.transport: Cipher agreed: aes128-ctr
DEB [20190104-13:26:55.792] thr=1   paramiko.transport: MAC agreed: hmac-sha2-256
DEB [20190104-13:26:55.792] thr=1   paramiko.transport: Compression agreed: none
DEB [20190104-13:26:55.796] thr=1   paramiko.transport: Got server p (2048 bits)
DEB [20190104-13:26:55.869] thr=1   paramiko.transport: kex engine KexGexSHA256 specified hash_algo <built-in function openssl_sha256>
DEB [20190104-13:26:55.871] thr=1   paramiko.transport: Switch to new keys ...
DEB [20190104-13:26:55.874] thr=2   paramiko.transport: Adding ssh-rsa host key for 142.71.40.232: b'68a6c960a1cb12e2761aee47b08bf9ee'
DEB [20190104-13:26:55.876] thr=2   paramiko.transport: Trying SSH key b'fb698b9f4d6addd4f7ae875034037746'
DEB [20190104-13:26:55.880] thr=1   paramiko.transport: userauth is OK
INF [20190104-13:26:55.896] thr=1   paramiko.transport: Authentication (publickey) successful!
DEB [20190104-13:26:55.897] thr=2   paramiko.transport: [chan 0] Max packet in: 32768 bytes
DEB [20190104-13:26:55.906] thr=1   paramiko.transport: [chan 0] Max packet out: 32768 bytes
DEB [20190104-13:26:55.906] thr=1   paramiko.transport: Secsh channel 0 opened.
DEB [20190104-13:26:55.909] thr=1   paramiko.transport: [chan 0] Sesch channel 0 request ok
DEB [20190104-13:27:06.474] thr=1   paramiko.transport: [chan 0] EOF received (0)
DEB [20190104-13:28:57.994] thr=1   paramiko.transport: starting thread (client mode): 0x1faec5f8
DEB [20190104-13:28:57.996] thr=1   paramiko.transport: Local version/idstring: SSH-2.0-paramiko_2.4.2
DEB [20190104-13:28:57.999] thr=1   paramiko.transport: Remote version/idstring: SSH-2.0-OpenSSH_6.6.1p1 Debian-4~bpo70+1
INF [20190104-13:28:57.999] thr=1   paramiko.transport: Connected (version 2.0, client OpenSSH_6.6.1p1)
DEB [20190104-13:28:58.004] thr=1   paramiko.transport: kex algos:['diffie-hellman-group-exchange-sha256'] server key:['ssh-rsa', 'ssh-dss'] client encrypt:['chacha20-poly1305@openssh.com', 'aes256-gcm@openssh.com', 'aes128-gcm@openssh.com', 'aes256-ctr', 'aes192-ctr', 'aes128-ctr'] server encrypt:['chacha20-poly1305@openssh.com', 'aes256-gcm@openssh.com', 'aes128-gcm@openssh.com', 'aes256-ctr', 'aes192-ctr', 'aes128-ctr'] client mac:['hmac-sha2-512-etm@openssh.com', 'hmac-sha2-256-etm@openssh.com', 'hmac-ripemd160-etm@openssh.com', 'umac-128-etm@openssh.com', 'hmac-sha2-512', 'hmac-sha2-256', 'hmac-ripemd160', 'umac-128@openssh.com'] server mac:['hmac-sha2-512-etm@openssh.com', 'hmac-sha2-256-etm@openssh.com', 'hmac-ripemd160-etm@openssh.com', 'umac-128-etm@openssh.com', 'hmac-sha2-512', 'hmac-sha2-256', 'hmac-ripemd160', 'umac-128@openssh.com'] client compress:['none', 'zlib@openssh.com'] server compress:['none', 'zlib@openssh.com'] client lang:[''] server lang:[''] kex follows?False
DEB [20190104-13:28:58.020] thr=1   paramiko.transport: Kex agreed: diffie-hellman-group-exchange-sha256
DEB [20190104-13:28:58.021] thr=1   paramiko.transport: HostKey agreed: ssh-rsa
DEB [20190104-13:28:58.021] thr=1   paramiko.transport: Cipher agreed: aes128-ctr
DEB [20190104-13:28:58.021] thr=1   paramiko.transport: MAC agreed: hmac-sha2-256
DEB [20190104-13:28:58.021] thr=1   paramiko.transport: Compression agreed: none
DEB [20190104-13:28:58.024] thr=1   paramiko.transport: Got server p (2048 bits)
DEB [20190104-13:28:58.100] thr=1   paramiko.transport: kex engine KexGexSHA256 specified hash_algo <built-in function openssl_sha256>
DEB [20190104-13:28:58.102] thr=1   paramiko.transport: Switch to new keys ...
DEB [20190104-13:28:58.105] thr=2   paramiko.transport: Adding ssh-rsa host key for 142.71.40.232: b'68a6c960a1cb12e2761aee47b08bf9ee'
DEB [20190104-13:28:58.106] thr=2   paramiko.transport: Trying SSH key b'fb698b9f4d6addd4f7ae875034037746'
DEB [20190104-13:28:58.109] thr=1   paramiko.transport: userauth is OK
INF [20190104-13:28:58.125] thr=1   paramiko.transport: Authentication (publickey) successful!
DEB [20190104-13:28:58.128] thr=2   paramiko.transport: [chan 0] Max packet in: 32768 bytes
DEB [20190104-13:28:58.134] thr=1   paramiko.transport: [chan 0] Max packet out: 32768 bytes
DEB [20190104-13:28:58.134] thr=1   paramiko.transport: Secsh channel 0 opened.
DEB [20190104-13:28:58.137] thr=1   paramiko.transport: [chan 0] Sesch channel 0 request ok
DEB [20190104-13:29:08.749] thr=1   paramiko.transport: [chan 0] EOF received (0)
DEB [20190104-13:29:08.751] thr=1   paramiko.transport: [chan 0] EOF sent (0)
DEB [20190104-13:36:08.536] thr=1   paramiko.transport: starting thread (client mode): 0xa8565710
DEB [20190104-13:36:08.537] thr=1   paramiko.transport: Local version/idstring: SSH-2.0-paramiko_2.4.2
DEB [20190104-13:36:08.541] thr=1   paramiko.transport: Remote version/idstring: SSH-2.0-OpenSSH_6.6.1p1 Debian-4~bpo70+1
INF [20190104-13:36:08.543] thr=1   paramiko.transport: Connected (version 2.0, client OpenSSH_6.6.1p1)
DEB [20190104-13:36:08.546] thr=1   paramiko.transport: kex algos:['diffie-hellman-group-exchange-sha256'] server key:['ssh-rsa', 'ssh-dss'] client encrypt:['chacha20-poly1305@openssh.com', 'aes256-gcm@openssh.com', 'aes128-gcm@openssh.com', 'aes256-ctr', 'aes192-ctr', 'aes128-ctr'] server encrypt:['chacha20-poly1305@openssh.com', 'aes256-gcm@openssh.com', 'aes128-gcm@openssh.com', 'aes256-ctr', 'aes192-ctr', 'aes128-ctr'] client mac:['hmac-sha2-512-etm@openssh.com', 'hmac-sha2-256-etm@openssh.com', 'hmac-ripemd160-etm@openssh.com', 'umac-128-etm@openssh.com', 'hmac-sha2-512', 'hmac-sha2-256', 'hmac-ripemd160', 'umac-128@openssh.com'] server mac:['hmac-sha2-512-etm@openssh.com', 'hmac-sha2-256-etm@openssh.com', 'hmac-ripemd160-etm@openssh.com', 'umac-128-etm@openssh.com', 'hmac-sha2-512', 'hmac-sha2-256', 'hmac-ripemd160', 'umac-128@openssh.com'] client compress:['none', 'zlib@openssh.com'] server compress:['none', 'zlib@openssh.com'] client lang:[''] server lang:[''] kex follows?False
DEB [20190104-13:36:08.546] thr=1   paramiko.transport: Kex agreed: diffie-hellman-group-exchange-sha256
DEB [20190104-13:36:08.546] thr=1   paramiko.transport: HostKey agreed: ssh-rsa
DEB [20190104-13:36:08.546] thr=1   paramiko.transport: Cipher agreed: aes128-ctr
DEB [20190104-13:36:08.546] thr=1   paramiko.transport: MAC agreed: hmac-sha2-256
DEB [20190104-13:36:08.546] thr=1   paramiko.transport: Compression agreed: none
DEB [20190104-13:36:08.550] thr=1   paramiko.transport: Got server p (2048 bits)
DEB [20190104-13:36:08.615] thr=1   paramiko.transport: kex engine KexGexSHA256 specified hash_algo <built-in function openssl_sha256>
DEB [20190104-13:36:08.618] thr=1   paramiko.transport: Switch to new keys ...
DEB [20190104-13:36:08.620] thr=2   paramiko.transport: Adding ssh-rsa host key for 142.71.40.232: b'68a6c960a1cb12e2761aee47b08bf9ee'
DEB [20190104-13:36:08.621] thr=2   paramiko.transport: Trying SSH key b'fb698b9f4d6addd4f7ae875034037746'
DEB [20190104-13:36:08.624] thr=1   paramiko.transport: userauth is OK
INF [20190104-13:36:08.641] thr=1   paramiko.transport: Authentication (publickey) successful!
DEB [20190104-13:36:08.643] thr=2   paramiko.transport: [chan 0] Max packet in: 32768 bytes
DEB [20190104-13:36:08.651] thr=1   paramiko.transport: [chan 0] Max packet out: 32768 bytes
DEB [20190104-13:36:08.651] thr=1   paramiko.transport: Secsh channel 0 opened.
DEB [20190104-13:36:08.653] thr=1   paramiko.transport: [chan 0] Sesch channel 0 request ok
DEB [20190104-13:36:19.219] thr=1   paramiko.transport: [chan 0] EOF received (0)
DEB [20190104-13:36:19.221] thr=1   paramiko.transport: [chan 0] EOF sent (0)
DEB [20190104-13:36:57.646] thr=1   paramiko.transport: starting thread (client mode): 0x8c68a710
DEB [20190104-13:36:57.663] thr=1   paramiko.transport: Local version/idstring: SSH-2.0-paramiko_2.4.2
DEB [20190104-13:36:57.675] thr=1   paramiko.transport: Remote version/idstring: SSH-2.0-OpenSSH_6.6.1p1 Debian-4~bpo70+1
INF [20190104-13:36:57.675] thr=1   paramiko.transport: Connected (version 2.0, client OpenSSH_6.6.1p1)
DEB [20190104-13:36:57.677] thr=1   paramiko.transport: kex algos:['diffie-hellman-group-exchange-sha256'] server key:['ssh-rsa', 'ssh-dss'] client encrypt:['chacha20-poly1305@openssh.com', 'aes256-gcm@openssh.com', 'aes128-gcm@openssh.com', 'aes256-ctr', 'aes192-ctr', 'aes128-ctr'] server encrypt:['chacha20-poly1305@openssh.com', 'aes256-gcm@openssh.com', 'aes128-gcm@openssh.com', 'aes256-ctr', 'aes192-ctr', 'aes128-ctr'] client mac:['hmac-sha2-512-etm@openssh.com', 'hmac-sha2-256-etm@openssh.com', 'hmac-ripemd160-etm@openssh.com', 'umac-128-etm@openssh.com', 'hmac-sha2-512', 'hmac-sha2-256', 'hmac-ripemd160', 'umac-128@openssh.com'] server mac:['hmac-sha2-512-etm@openssh.com', 'hmac-sha2-256-etm@openssh.com', 'hmac-ripemd160-etm@openssh.com', 'umac-128-etm@openssh.com', 'hmac-sha2-512', 'hmac-sha2-256', 'hmac-ripemd160', 'umac-128@openssh.com'] client compress:['none', 'zlib@openssh.com'] server compress:['none', 'zlib@openssh.com'] client lang:[''] server lang:[''] kex follows?False
DEB [20190104-13:36:57.677] thr=1   paramiko.transport: Kex agreed: diffie-hellman-group-exchange-sha256
DEB [20190104-13:36:57.677] thr=1   paramiko.transport: HostKey agreed: ssh-rsa
DEB [20190104-13:36:57.677] thr=1   paramiko.transport: Cipher agreed: aes128-ctr
DEB [20190104-13:36:57.677] thr=1   paramiko.transport: MAC agreed: hmac-sha2-256
DEB [20190104-13:36:57.677] thr=1   paramiko.transport: Compression agreed: none
DEB [20190104-13:36:57.681] thr=1   paramiko.transport: Got server p (2048 bits)
DEB [20190104-13:36:57.746] thr=1   paramiko.transport: kex engine KexGexSHA256 specified hash_algo <built-in function openssl_sha256>
DEB [20190104-13:36:57.748] thr=1   paramiko.transport: Switch to new keys ...
DEB [20190104-13:36:57.750] thr=2   paramiko.transport: Adding ssh-rsa host key for 142.71.40.232: b'68a6c960a1cb12e2761aee47b08bf9ee'
DEB [20190104-13:36:57.752] thr=2   paramiko.transport: Trying SSH key b'fb698b9f4d6addd4f7ae875034037746'
DEB [20190104-13:36:57.754] thr=1   paramiko.transport: userauth is OK
INF [20190104-13:36:57.772] thr=1   paramiko.transport: Authentication (publickey) successful!
DEB [20190104-13:36:57.773] thr=2   paramiko.transport: [chan 0] Max packet in: 32768 bytes
DEB [20190104-13:36:57.781] thr=1   paramiko.transport: [chan 0] Max packet out: 32768 bytes
DEB [20190104-13:36:57.782] thr=1   paramiko.transport: Secsh channel 0 opened.
DEB [20190104-13:36:57.784] thr=1   paramiko.transport: [chan 0] Sesch channel 0 request ok
DEB [20190104-13:37:08.419] thr=1   paramiko.transport: [chan 0] EOF received (0)
DEB [20190104-13:38:33.234] thr=1   paramiko.transport: starting thread (client mode): 0x82d67710
DEB [20190104-13:38:33.236] thr=1   paramiko.transport: Local version/idstring: SSH-2.0-paramiko_2.4.2
DEB [20190104-13:38:33.255] thr=1   paramiko.transport: Remote version/idstring: SSH-2.0-OpenSSH_6.6.1p1 Debian-4~bpo70+1
INF [20190104-13:38:33.255] thr=1   paramiko.transport: Connected (version 2.0, client OpenSSH_6.6.1p1)
DEB [20190104-13:38:33.271] thr=1   paramiko.transport: kex algos:['diffie-hellman-group-exchange-sha256'] server key:['ssh-rsa', 'ssh-dss'] client encrypt:['chacha20-poly1305@openssh.com', 'aes256-gcm@openssh.com', 'aes128-gcm@openssh.com', 'aes256-ctr', 'aes192-ctr', 'aes128-ctr'] server encrypt:['chacha20-poly1305@openssh.com', 'aes256-gcm@openssh.com', 'aes128-gcm@openssh.com', 'aes256-ctr', 'aes192-ctr', 'aes128-ctr'] client mac:['hmac-sha2-512-etm@openssh.com', 'hmac-sha2-256-etm@openssh.com', 'hmac-ripemd160-etm@openssh.com', 'umac-128-etm@openssh.com', 'hmac-sha2-512', 'hmac-sha2-256', 'hmac-ripemd160', 'umac-128@openssh.com'] server mac:['hmac-sha2-512-etm@openssh.com', 'hmac-sha2-256-etm@openssh.com', 'hmac-ripemd160-etm@openssh.com', 'umac-128-etm@openssh.com', 'hmac-sha2-512', 'hmac-sha2-256', 'hmac-ripemd160', 'umac-128@openssh.com'] client compress:['none', 'zlib@openssh.com'] server compress:['none', 'zlib@openssh.com'] client lang:[''] server lang:[''] kex follows?False
DEB [20190104-13:38:33.271] thr=1   paramiko.transport: Kex agreed: diffie-hellman-group-exchange-sha256
DEB [20190104-13:38:33.271] thr=1   paramiko.transport: HostKey agreed: ssh-rsa
DEB [20190104-13:38:33.271] thr=1   paramiko.transport: Cipher agreed: aes128-ctr
DEB [20190104-13:38:33.271] thr=1   paramiko.transport: MAC agreed: hmac-sha2-256
DEB [20190104-13:38:33.271] thr=1   paramiko.transport: Compression agreed: none
DEB [20190104-13:38:33.275] thr=1   paramiko.transport: Got server p (2048 bits)
DEB [20190104-13:38:33.365] thr=1   paramiko.transport: kex engine KexGexSHA256 specified hash_algo <built-in function openssl_sha256>
DEB [20190104-13:38:33.367] thr=1   paramiko.transport: Switch to new keys ...
DEB [20190104-13:38:33.369] thr=2   paramiko.transport: Adding ssh-rsa host key for 142.71.40.232: b'68a6c960a1cb12e2761aee47b08bf9ee'
DEB [20190104-13:38:33.371] thr=2   paramiko.transport: Trying SSH key b'fb698b9f4d6addd4f7ae875034037746'
DEB [20190104-13:38:33.373] thr=1   paramiko.transport: userauth is OK
INF [20190104-13:38:33.389] thr=1   paramiko.transport: Authentication (publickey) successful!
DEB [20190104-13:38:33.392] thr=2   paramiko.transport: [chan 0] Max packet in: 32768 bytes
DEB [20190104-13:38:33.399] thr=1   paramiko.transport: [chan 0] Max packet out: 32768 bytes
DEB [20190104-13:38:33.399] thr=1   paramiko.transport: Secsh channel 0 opened.
DEB [20190104-13:38:33.402] thr=1   paramiko.transport: [chan 0] Sesch channel 0 request ok
DEB [20190104-13:38:43.952] thr=1   paramiko.transport: [chan 0] EOF received (0)
DEB [20190104-13:39:08.474] thr=1   paramiko.transport: starting thread (client mode): 0x26c43710
DEB [20190104-13:39:08.476] thr=1   paramiko.transport: Local version/idstring: SSH-2.0-paramiko_2.4.2
DEB [20190104-13:39:08.489] thr=1   paramiko.transport: Remote version/idstring: SSH-2.0-OpenSSH_6.6.1p1 Debian-4~bpo70+1
INF [20190104-13:39:08.489] thr=1   paramiko.transport: Connected (version 2.0, client OpenSSH_6.6.1p1)
DEB [20190104-13:39:08.490] thr=1   paramiko.transport: kex algos:['diffie-hellman-group-exchange-sha256'] server key:['ssh-rsa', 'ssh-dss'] client encrypt:['chacha20-poly1305@openssh.com', 'aes256-gcm@openssh.com', 'aes128-gcm@openssh.com', 'aes256-ctr', 'aes192-ctr', 'aes128-ctr'] server encrypt:['chacha20-poly1305@openssh.com', 'aes256-gcm@openssh.com', 'aes128-gcm@openssh.com', 'aes256-ctr', 'aes192-ctr', 'aes128-ctr'] client mac:['hmac-sha2-512-etm@openssh.com', 'hmac-sha2-256-etm@openssh.com', 'hmac-ripemd160-etm@openssh.com', 'umac-128-etm@openssh.com', 'hmac-sha2-512', 'hmac-sha2-256', 'hmac-ripemd160', 'umac-128@openssh.com'] server mac:['hmac-sha2-512-etm@openssh.com', 'hmac-sha2-256-etm@openssh.com', 'hmac-ripemd160-etm@openssh.com', 'umac-128-etm@openssh.com', 'hmac-sha2-512', 'hmac-sha2-256', 'hmac-ripemd160', 'umac-128@openssh.com'] client compress:['none', 'zlib@openssh.com'] server compress:['none', 'zlib@openssh.com'] client lang:[''] server lang:[''] kex follows?False
DEB [20190104-13:39:08.490] thr=1   paramiko.transport: Kex agreed: diffie-hellman-group-exchange-sha256
DEB [20190104-13:39:08.490] thr=1   paramiko.transport: HostKey agreed: ssh-rsa
DEB [20190104-13:39:08.491] thr=1   paramiko.transport: Cipher agreed: aes128-ctr
DEB [20190104-13:39:08.491] thr=1   paramiko.transport: MAC agreed: hmac-sha2-256
DEB [20190104-13:39:08.491] thr=1   paramiko.transport: Compression agreed: none
DEB [20190104-13:39:08.494] thr=1   paramiko.transport: Got server p (2048 bits)
DEB [20190104-13:39:08.561] thr=1   paramiko.transport: kex engine KexGexSHA256 specified hash_algo <built-in function openssl_sha256>
DEB [20190104-13:39:08.563] thr=1   paramiko.transport: Switch to new keys ...
DEB [20190104-13:39:08.566] thr=2   paramiko.transport: Adding ssh-rsa host key for 142.71.40.232: b'68a6c960a1cb12e2761aee47b08bf9ee'
DEB [20190104-13:39:08.567] thr=2   paramiko.transport: Trying SSH key b'fb698b9f4d6addd4f7ae875034037746'
DEB [20190104-13:39:08.570] thr=1   paramiko.transport: userauth is OK
INF [20190104-13:39:08.587] thr=1   paramiko.transport: Authentication (publickey) successful!
DEB [20190104-13:39:08.589] thr=2   paramiko.transport: [chan 0] Max packet in: 32768 bytes
DEB [20190104-13:39:08.596] thr=1   paramiko.transport: [chan 0] Max packet out: 32768 bytes
DEB [20190104-13:39:08.598] thr=1   paramiko.transport: Secsh channel 0 opened.
DEB [20190104-13:39:08.601] thr=1   paramiko.transport: [chan 0] Sesch channel 0 request ok
DEB [20190104-13:39:19.236] thr=1   paramiko.transport: [chan 0] EOF received (0)
